{"/Users/juanbrusatti/Desktop/Aberturito/ar-aberturas/lib/stock.ts": {"path":"/Users/juanbrusatti/Desktop/Aberturito/ar-aberturas/lib/stock.ts","statementMap":{"0":{"start":{"line":18,"column":14},"end":{"line":18,"column":24}},"1":{"start":{"line":21,"column":18},"end":{"line":21,"column":37}},"2":{"start":{"line":22,"column":25},"end":{"line":25,"column":44}},"3":{"start":{"line":26,"column":1},"end":{"line":26,"column":24}},"4":{"start":{"line":32,"column":18},"end":{"line":32,"column":37}},"5":{"start":{"line":33,"column":25},"end":{"line":33,"column":85}},"6":{"start":{"line":34,"column":1},"end":{"line":34,"column":24}},"7":{"start":{"line":40,"column":18},"end":{"line":40,"column":37}},"8":{"start":{"line":41,"column":17},"end":{"line":44,"column":2}},"9":{"start":{"line":45,"column":25},"end":{"line":45,"column":85}},"10":{"start":{"line":46,"column":1},"end":{"line":46,"column":24}},"11":{"start":{"line":53,"column":18},"end":{"line":53,"column":37}},"12":{"start":{"line":54,"column":17},"end":{"line":54,"column":84}},"13":{"start":{"line":55,"column":25},"end":{"line":55,"column":98}},"14":{"start":{"line":56,"column":1},"end":{"line":56,"column":24}},"15":{"start":{"line":60,"column":18},"end":{"line":60,"column":37}},"16":{"start":{"line":61,"column":25},"end":{"line":61,"column":73}},"17":{"start":{"line":62,"column":1},"end":{"line":62,"column":30}}},"fnMap":{"0":{"name":"listStock","decl":{"start":{"line":20,"column":22},"end":{"line":20,"column":31}},"loc":{"start":{"line":20,"column":92},"end":{"line":27,"column":1}},"line":20},"1":{"name":"getProfileById","decl":{"start":{"line":29,"column":22},"end":{"line":29,"column":36}},"loc":{"start":{"line":31,"column":58},"end":{"line":35,"column":1}},"line":31},"2":{"name":"createProfileStock","decl":{"start":{"line":37,"column":22},"end":{"line":37,"column":40}},"loc":{"start":{"line":39,"column":58},"end":{"line":47,"column":1}},"line":39},"3":{"name":"updateProfileStock","decl":{"start":{"line":49,"column":22},"end":{"line":49,"column":40}},"loc":{"start":{"line":52,"column":58},"end":{"line":57,"column":1}},"line":52},"4":{"name":"deleteProfileStock","decl":{"start":{"line":59,"column":22},"end":{"line":59,"column":40}},"loc":{"start":{"line":59,"column":90},"end":{"line":63,"column":1}},"line":59}},"branchMap":{"0":{"loc":{"start":{"line":43,"column":15},"end":{"line":43,"column":72}},"type":"binary-expr","locations":[{"start":{"line":43,"column":15},"end":{"line":43,"column":30}},{"start":{"line":43,"column":34},"end":{"line":43,"column":72}}],"line":43}},"s":{"0":1,"1":2,"2":2,"3":2,"4":1,"5":1,"6":1,"7":1,"8":1,"9":1,"10":1,"11":1,"12":1,"13":1,"14":1,"15":1,"16":1,"17":1},"f":{"0":2,"1":1,"2":1,"3":1,"4":1},"b":{"0":[1,0]},"_coverageSchema":"1a1c01bbd47fc00a2c39e90264f33305004495a9","hash":"266e25a2b8b0c6fc440c0e8ede29ff2b125e3d04"}
}
